
> @ start /home/ubuntu/bardbot
> node src/index.js

[7/28 14:19:0] 봇이 준비되었습니다.

> @ start /home/ubuntu/bardbot
> node src/index.js

[7/28 15:5:49] 봇이 준비되었습니다.
TypeError: Cannot read property 'execute' of undefined
    at Client.<anonymous> (/home/ubuntu/bardbot/src/index.js:62:11)
    at Client.emit (events.js:375:28)
    at MessageCreateAction.handle (/home/ubuntu/bardbot/node_modules/discord.js/src/client/actions/MessageCreate.js:31:14)
    at Object.module.exports [as MESSAGE_CREATE] (/home/ubuntu/bardbot/node_modules/discord.js/src/client/websocket/handlers/MESSAGE_CREATE.js:4:32)
    at WebSocketManager.handlePacket (/home/ubuntu/bardbot/node_modules/discord.js/src/client/websocket/WebSocketManager.js:384:31)
    at WebSocketShard.onPacket (/home/ubuntu/bardbot/node_modules/discord.js/src/client/websocket/WebSocketShard.js:444:22)
    at WebSocketShard.onMessage (/home/ubuntu/bardbot/node_modules/discord.js/src/client/websocket/WebSocketShard.js:301:10)
    at WebSocket.onMessage (/home/ubuntu/bardbot/node_modules/ws/lib/event-target.js:132:16)
    at WebSocket.emit (events.js:375:28)
    at Receiver.receiverOnMessage (/home/ubuntu/bardbot/node_modules/ws/lib/websocket.js:834:20)

> @ start /home/ubuntu/bardbot
> node src/index.js

[7/29 4:40:16] 봇이 준비되었습니다.
TypeError: Cannot read property 'execute' of undefined
    at Client.<anonymous> (/home/ubuntu/bardbot/src/index.js:62:11)
    at Client.emit (events.js:375:28)
    at MessageCreateAction.handle (/home/ubuntu/bardbot/node_modules/discord.js/src/client/actions/MessageCreate.js:31:14)
    at Object.module.exports [as MESSAGE_CREATE] (/home/ubuntu/bardbot/node_modules/discord.js/src/client/websocket/handlers/MESSAGE_CREATE.js:4:32)
    at WebSocketManager.handlePacket (/home/ubuntu/bardbot/node_modules/discord.js/src/client/websocket/WebSocketManager.js:384:31)
    at WebSocketShard.onPacket (/home/ubuntu/bardbot/node_modules/discord.js/src/client/websocket/WebSocketShard.js:444:22)
    at WebSocketShard.onMessage (/home/ubuntu/bardbot/node_modules/discord.js/src/client/websocket/WebSocketShard.js:301:10)
    at WebSocket.onMessage (/home/ubuntu/bardbot/node_modules/ws/lib/event-target.js:132:16)
    at WebSocket.emit (events.js:375:28)
    at Receiver.receiverOnMessage (/home/ubuntu/bardbot/node_modules/ws/lib/websocket.js:834:20)
TypeError: Cannot read property 'execute' of undefined
    at Client.<anonymous> (/home/ubuntu/bardbot/src/index.js:62:11)
    at Client.emit (events.js:375:28)
    at MessageCreateAction.handle (/home/ubuntu/bardbot/node_modules/discord.js/src/client/actions/MessageCreate.js:31:14)
    at Object.module.exports [as MESSAGE_CREATE] (/home/ubuntu/bardbot/node_modules/discord.js/src/client/websocket/handlers/MESSAGE_CREATE.js:4:32)
    at WebSocketManager.handlePacket (/home/ubuntu/bardbot/node_modules/discord.js/src/client/websocket/WebSocketManager.js:384:31)
    at WebSocketShard.onPacket (/home/ubuntu/bardbot/node_modules/discord.js/src/client/websocket/WebSocketShard.js:444:22)
    at WebSocketShard.onMessage (/home/ubuntu/bardbot/node_modules/discord.js/src/client/websocket/WebSocketShard.js:301:10)
    at WebSocket.onMessage (/home/ubuntu/bardbot/node_modules/ws/lib/event-target.js:132:16)
    at WebSocket.emit (events.js:375:28)
    at Receiver.receiverOnMessage (/home/ubuntu/bardbot/node_modules/ws/lib/websocket.js:834:20)
